app/build/intermediates/manifest_merge_blame_file/release/manifest-merger-blame-release-report.txt
1<?xml version="1.0" encoding="utf-8"?>
2<manifest xmlns:android="http://schemas.android.com/apk/res/android"
3    package="com.softmaster.airvpn"
4    android:versionCode="1"
5    android:versionName="1.0" >
6
7    <uses-sdk
8        android:minSdkVersion="19"
8-->src\main\AndroidManifest.xml
9        android:targetSdkVersion="30" />
9-->src\main\AndroidManifest.xml
10
11    <uses-permission android:name="android.permission.INTERNET" />
11-->src\main\AndroidManifest.xml:6:5-67
11-->src\main\AndroidManifest.xml:6:22-64
12    <uses-permission android:name="android.permission.FOREGROUND_SERVICE" />
12-->src\main\AndroidManifest.xml:7:5-77
12-->src\main\AndroidManifest.xml:7:22-74
13    <uses-permission android:name="com.android.vending.BILLING" />
13-->src\main\AndroidManifest.xml:8:5-67
13-->src\main\AndroidManifest.xml:8:22-64
14    <uses-permission android:name="android.permission.READ_EXTERNAL_STORAGE" />
14-->[com.github.pepperonas:materialdialog:0.3.4] AndroidManifest.xml:26:5-80
14-->[com.github.pepperonas:materialdialog:0.3.4] AndroidManifest.xml:26:22-77
15    <uses-permission android:name="android.permission.WRITE_EXTERNAL_STORAGE" />
15-->[com.github.pepperonas:materialdialog:0.3.4] AndroidManifest.xml:27:5-81
15-->[com.github.pepperonas:materialdialog:0.3.4] AndroidManifest.xml:27:22-78
16    <uses-permission android:name="android.permission.ACCESS_WIFI_STATE" />
16-->[com.github.AnchorFreePartner.hydra-sdk-android:sdk-core:3.4.0] AndroidManifest.xml:12:5-76
16-->[com.github.AnchorFreePartner.hydra-sdk-android:sdk-core:3.4.0] AndroidManifest.xml:12:22-73
17    <uses-permission android:name="android.permission.ACCESS_NETWORK_STATE" /> <!-- Android package visibility setting -->
17-->[com.github.AnchorFreePartner.hydra-sdk-android:sdk-core:3.4.0] AndroidManifest.xml:14:5-79
17-->[com.github.AnchorFreePartner.hydra-sdk-android:sdk-core:3.4.0] AndroidManifest.xml:14:22-76
18    <queries>
18-->[com.google.android.gms:play-services-ads-lite:20.2.0] AndroidManifest.xml:27:5-43:15
19
20        <!-- For browser content -->
21        <intent>
21-->[com.google.android.gms:play-services-ads-lite:20.2.0] AndroidManifest.xml:30:9-36:18
22            <action android:name="android.intent.action.VIEW" />
22-->[com.google.android.gms:play-services-ads-lite:20.2.0] AndroidManifest.xml:31:13-65
22-->[com.google.android.gms:play-services-ads-lite:20.2.0] AndroidManifest.xml:31:21-62
23
24            <category android:name="android.intent.category.BROWSABLE" />
24-->[com.google.android.gms:play-services-ads-lite:20.2.0] AndroidManifest.xml:33:13-74
24-->[com.google.android.gms:play-services-ads-lite:20.2.0] AndroidManifest.xml:33:23-71
25
26            <data android:scheme="https" />
26-->[com.google.android.gms:play-services-ads-lite:20.2.0] AndroidManifest.xml:35:13-44
26-->[com.google.android.gms:play-services-ads-lite:20.2.0] AndroidManifest.xml:35:19-41
27        </intent>
28        <!-- End of browser content -->
29        <!-- For CustomTabsService -->
30        <intent>
30-->[com.google.android.gms:play-services-ads-lite:20.2.0] AndroidManifest.xml:39:9-41:18
31            <action android:name="android.support.customtabs.action.CustomTabsService" />
31-->[com.google.android.gms:play-services-ads-lite:20.2.0] AndroidManifest.xml:40:13-90
31-->[com.google.android.gms:play-services-ads-lite:20.2.0] AndroidManifest.xml:40:21-87
32        </intent>
33        <!-- End of CustomTabsService -->
34        <package android:name="com.facebook.katana" />
34-->[com.facebook.android:audience-network-sdk:6.5.1] AndroidManifest.xml:12:9-55
34-->[com.facebook.android:audience-network-sdk:6.5.1] AndroidManifest.xml:12:18-52
35    </queries>
36
37    <uses-permission android:name="android.permission.WAKE_LOCK" />
37-->[com.google.android.gms:play-services-measurement-sdk-api:18.0.0] AndroidManifest.xml:25:5-68
37-->[com.google.android.gms:play-services-measurement-sdk-api:18.0.0] AndroidManifest.xml:25:22-65
38    <uses-permission android:name="android.permission.RECEIVE_BOOT_COMPLETED" />
38-->[androidx.work:work-runtime:2.1.0] AndroidManifest.xml:27:5-81
38-->[androidx.work:work-runtime:2.1.0] AndroidManifest.xml:27:22-78
39
40    <application
40-->src\main\AndroidManifest.xml:10:5-42:19
41        android:name="com.softmaster.airvpn.MainApplication"
41-->src\main\AndroidManifest.xml:11:9-61
42        android:allowBackup="true"
42-->src\main\AndroidManifest.xml:12:9-35
43        android:appComponentFactory="androidx.core.app.CoreComponentFactory"
43-->[androidx.core:core:1.5.0] AndroidManifest.xml:24:18-86
44        android:icon="@mipmap/ic_launcher"
44-->src\main\AndroidManifest.xml:13:9-43
45        android:label="@string/app_name"
45-->src\main\AndroidManifest.xml:14:9-41
46        android:networkSecurityConfig="@xml/sdk_captive_portal_network_security"
46-->[com.github.AnchorFreePartner.hydra-sdk-android:sdk-core:3.4.0] AndroidManifest.xml:18:9-81
47        android:roundIcon="@mipmap/ic_launcher_round"
47-->src\main\AndroidManifest.xml:15:9-54
48        android:supportsRtl="true"
48-->src\main\AndroidManifest.xml:16:9-35
49        android:theme="@style/AppTheme" >
49-->src\main\AndroidManifest.xml:17:9-40
50        <activity
50-->src\main\AndroidManifest.xml:21:9-29:20
51            android:name="com.softmaster.airvpn.activity.SplashActivity"
51-->src\main\AndroidManifest.xml:22:13-73
52            android:theme="@style/splashTheme" >
52-->src\main\AndroidManifest.xml:23:13-47
53            <intent-filter>
53-->src\main\AndroidManifest.xml:24:13-28:29
54                <action android:name="android.intent.action.MAIN" />
54-->src\main\AndroidManifest.xml:25:17-69
54-->src\main\AndroidManifest.xml:25:25-66
55
56                <category android:name="android.intent.category.LAUNCHER" />
56-->src\main\AndroidManifest.xml:27:17-77
56-->src\main\AndroidManifest.xml:27:27-74
57            </intent-filter>
58        </activity>
59        <activity android:name="com.softmaster.airvpn.activity.About" />
59-->src\main\AndroidManifest.xml:30:9-73
59-->src\main\AndroidManifest.xml:30:19-70
60        <activity android:name="com.softmaster.airvpn.activity.Faq" /> <!-- google ads -->
60-->src\main\AndroidManifest.xml:31:9-71
60-->src\main\AndroidManifest.xml:31:19-68
61        <meta-data
61-->src\main\AndroidManifest.xml:32:9-34:52
62            android:name="com.google.android.gms.ads.APPLICATION_ID"
62-->src\main\AndroidManifest.xml:33:13-69
63            android:value="@string/admob_app_id" />
63-->src\main\AndroidManifest.xml:34:13-49
64        <meta-data
64-->src\main\AndroidManifest.xml:35:9-37:36
65            android:name="com.google.android.gms.ads.AD_MANAGER_APP"
65-->src\main\AndroidManifest.xml:36:13-69
66            android:value="true" />
66-->src\main\AndroidManifest.xml:37:13-33
67
68        <activity
68-->src\main\AndroidManifest.xml:39:9-41:15
69            android:name="com.softmaster.airvpn.activity.MainActivity"
69-->src\main\AndroidManifest.xml:39:19-77
70            android:launchMode="singleTask" />
70-->src\main\AndroidManifest.xml:40:13-44
71
72        <meta-data
72-->[com.github.AnchorFreePartner.hydra-sdk-android:sdk:3.4.0] AndroidManifest.xml:12:9-14:63
73            android:name="com.anchorfree.sdk.transports"
73-->[com.github.AnchorFreePartner.hydra-sdk-android:sdk:3.4.0] AndroidManifest.xml:13:13-57
74            android:resource="@raw/hydra_transports_config" />
74-->[com.github.AnchorFreePartner.hydra-sdk-android:sdk:3.4.0] AndroidManifest.xml:14:13-60
75        <meta-data
75-->[com.github.AnchorFreePartner.hydra-sdk-android:openvpn:3.4.0] AndroidManifest.xml:12:9-14:58
76            android:name="com.anchorfree.vpnsdk.vpn_config.openvpn"
76-->[com.github.AnchorFreePartner.hydra-sdk-android:openvpn:3.4.0] AndroidManifest.xml:13:13-68
77            android:resource="@raw/openvpn_vpn_config" />
77-->[com.github.AnchorFreePartner.hydra-sdk-android:openvpn:3.4.0] AndroidManifest.xml:14:13-55
78        <meta-data
78-->[com.github.AnchorFreePartner.hydra-sdk-android:hydra:3.4.0] AndroidManifest.xml:12:9-14:56
79            android:name="com.anchorfree.vpnsdk.vpn_config.hydra"
79-->[com.github.AnchorFreePartner.hydra-sdk-android:hydra:3.4.0] AndroidManifest.xml:13:13-66
80            android:resource="@raw/hydra_vpn_config" />
80-->[com.github.AnchorFreePartner.hydra-sdk-android:hydra:3.4.0] AndroidManifest.xml:14:13-53
81
82        <provider
82-->[com.github.AnchorFreePartner.hydra-sdk-android:hydra:3.4.0] AndroidManifest.xml:16:9-20:37
83            android:name="com.anchorfree.sdk.HydraTransportInitProvider"
83-->[com.github.AnchorFreePartner.hydra-sdk-android:hydra:3.4.0] AndroidManifest.xml:17:13-73
84            android:authorities="com.softmaster.airvpn.sdk.transport.hydra"
84-->[com.github.AnchorFreePartner.hydra-sdk-android:hydra:3.4.0] AndroidManifest.xml:18:13-71
85            android:exported="false"
85-->[com.github.AnchorFreePartner.hydra-sdk-android:hydra:3.4.0] AndroidManifest.xml:19:13-37
86            android:initOrder="1" />
86-->[com.github.AnchorFreePartner.hydra-sdk-android:hydra:3.4.0] AndroidManifest.xml:20:13-34
87        <provider
87-->[com.github.AnchorFreePartner.hydra-sdk-android:sdk-core:3.4.0] AndroidManifest.xml:20:9-24:37
88            android:name="com.anchorfree.sdk.DBProvider"
88-->[com.github.AnchorFreePartner.hydra-sdk-android:sdk-core:3.4.0] AndroidManifest.xml:21:13-57
89            android:authorities="com.softmaster.airvpn.hydra.sdk.db.provider"
89-->[com.github.AnchorFreePartner.hydra-sdk-android:sdk-core:3.4.0] AndroidManifest.xml:22:13-73
90            android:exported="false"
90-->[com.github.AnchorFreePartner.hydra-sdk-android:sdk-core:3.4.0] AndroidManifest.xml:23:13-37
91            android:initOrder="1" />
91-->[com.github.AnchorFreePartner.hydra-sdk-android:sdk-core:3.4.0] AndroidManifest.xml:24:13-34
92
93        <meta-data
93-->[com.github.AnchorFreePartner.hydra-sdk-android:sdk-core:3.4.0] AndroidManifest.xml:26:9-28:55
94            android:name="com.anchorfree.vpnsdk.vpn_config"
94-->[com.github.AnchorFreePartner.hydra-sdk-android:sdk-core:3.4.0] AndroidManifest.xml:27:13-60
95            android:resource="@raw/core_vpn_config" />
95-->[com.github.AnchorFreePartner.hydra-sdk-android:sdk-core:3.4.0] AndroidManifest.xml:28:13-52
96
97        <provider
97-->[com.github.AnchorFreePartner.hydra-sdk-android:sdk-core:3.4.0] AndroidManifest.xml:30:9-34:39
98            android:name="com.anchorfree.sdk.UnifiedSDKInitProviderMain"
98-->[com.github.AnchorFreePartner.hydra-sdk-android:sdk-core:3.4.0] AndroidManifest.xml:31:13-73
99            android:authorities="com.softmaster.airvpn.anchorfree.sdk.init.provider"
99-->[com.github.AnchorFreePartner.hydra-sdk-android:sdk-core:3.4.0] AndroidManifest.xml:32:13-80
100            android:exported="false"
100-->[com.github.AnchorFreePartner.hydra-sdk-android:sdk-core:3.4.0] AndroidManifest.xml:33:13-37
101            android:initOrder="100" />
101-->[com.github.AnchorFreePartner.hydra-sdk-android:sdk-core:3.4.0] AndroidManifest.xml:34:13-36
102        <provider
102-->[com.github.AnchorFreePartner.hydra-sdk-android:sdk-core:3.4.0] AndroidManifest.xml:35:9-40:58
103            android:name="com.anchorfree.sdk.UnifiedSDKInitProviderVpn"
103-->[com.github.AnchorFreePartner.hydra-sdk-android:sdk-core:3.4.0] AndroidManifest.xml:36:13-72
104            android:authorities="com.softmaster.airvpn.anchorfree.sdk.init.provider.vpn"
104-->[com.github.AnchorFreePartner.hydra-sdk-android:sdk-core:3.4.0] AndroidManifest.xml:37:13-84
105            android:exported="false"
105-->[com.github.AnchorFreePartner.hydra-sdk-android:sdk-core:3.4.0] AndroidManifest.xml:38:13-37
106            android:initOrder="100"
106-->[com.github.AnchorFreePartner.hydra-sdk-android:sdk-core:3.4.0] AndroidManifest.xml:39:13-36
107            android:process="@string/vpn_process_name" />
107-->[com.github.AnchorFreePartner.hydra-sdk-android:sdk-core:3.4.0] AndroidManifest.xml:40:13-55
108
109        <service
109-->[com.github.AnchorFree.hydra-vpn-android:hydratransport:0.18.2] AndroidManifest.xml:12:9-15:19
110            android:name="com.anchorfree.vpnsdk.transporthydra.proxyservice.HydraProxyService"
110-->[com.github.AnchorFree.hydra-vpn-android:hydratransport:0.18.2] AndroidManifest.xml:13:13-95
111            android:permission="android.permission.BIND_VPN_SERVICE" >
111-->[com.github.AnchorFree.hydra-vpn-android:hydratransport:0.18.2] AndroidManifest.xml:14:13-69
112        </service>
113        <service
113-->[com.github.AnchorFreePartner.hydra-sdk-android:sdk-notifications:3.4.0] AndroidManifest.xml:12:9-15:58
114            android:name="com.anchorfree.sdk.SdkNotificationService"
114-->[com.github.AnchorFreePartner.hydra-sdk-android:sdk-notifications:3.4.0] AndroidManifest.xml:13:13-69
115            android:exported="false"
115-->[com.github.AnchorFreePartner.hydra-sdk-android:sdk-notifications:3.4.0] AndroidManifest.xml:14:13-37
116            android:process="@string/vpn_process_name" />
116-->[com.github.AnchorFreePartner.hydra-sdk-android:sdk-notifications:3.4.0] AndroidManifest.xml:15:13-55
117
118        <provider
118-->[com.github.AnchorFreePartner.hydra-sdk-android:ucr-analytics:3.4.0] AndroidManifest.xml:15:9-21:20
119            android:name="com.anchorfree.ucr.UCRContentProvider"
119-->[com.github.AnchorFreePartner.hydra-sdk-android:ucr-analytics:3.4.0] AndroidManifest.xml:16:13-65
120            android:authorities="com.softmaster.airvpn.ucr.provider"
120-->[com.github.AnchorFreePartner.hydra-sdk-android:ucr-analytics:3.4.0] AndroidManifest.xml:17:13-64
121            android:enabled="true"
121-->[com.github.AnchorFreePartner.hydra-sdk-android:ucr-analytics:3.4.0] AndroidManifest.xml:18:13-35
122            android:exported="false"
122-->[com.github.AnchorFreePartner.hydra-sdk-android:ucr-analytics:3.4.0] AndroidManifest.xml:19:13-37
123            android:multiprocess="false" >
123-->[com.github.AnchorFreePartner.hydra-sdk-android:ucr-analytics:3.4.0] AndroidManifest.xml:20:13-41
124        </provider>
125
126        <service
126-->[com.github.AnchorFreePartner.hydra-sdk-android:ucr-analytics:3.4.0] AndroidManifest.xml:23:9-27:19
127            android:name="com.anchorfree.ucr.UCRService"
127-->[com.github.AnchorFreePartner.hydra-sdk-android:ucr-analytics:3.4.0] AndroidManifest.xml:24:13-57
128            android:enabled="true"
128-->[com.github.AnchorFreePartner.hydra-sdk-android:ucr-analytics:3.4.0] AndroidManifest.xml:25:13-35
129            android:exported="false" >
129-->[com.github.AnchorFreePartner.hydra-sdk-android:ucr-analytics:3.4.0] AndroidManifest.xml:26:13-37
130        </service>
131
132        <activity
132-->[com.github.AnchorFree.hydra-vpn-android:corevpn:0.18.2] AndroidManifest.xml:16:9-21:75
133            android:name="com.anchorfree.vpnsdk.vpnservice.StartVPNServiceShadowActivity"
133-->[com.github.AnchorFree.hydra-vpn-android:corevpn:0.18.2] AndroidManifest.xml:17:13-90
134            android:label="@string/app_name"
134-->[com.github.AnchorFree.hydra-vpn-android:corevpn:0.18.2] AndroidManifest.xml:18:13-45
135            android:launchMode="singleTask"
135-->[com.github.AnchorFree.hydra-vpn-android:corevpn:0.18.2] AndroidManifest.xml:19:13-44
136            android:process="@string/vpn_process_name"
136-->[com.github.AnchorFree.hydra-vpn-android:corevpn:0.18.2] AndroidManifest.xml:20:13-55
137            android:theme="@android:style/Theme.Translucent.NoTitleBar" />
137-->[com.github.AnchorFree.hydra-vpn-android:corevpn:0.18.2] AndroidManifest.xml:21:13-72
138
139        <provider
139-->[com.github.AnchorFree.hydra-vpn-android:corevpn:0.18.2] AndroidManifest.xml:23:9-26:40
140            android:name="com.anchorfree.vpnsdk.vpnservice.config.VpnConfigProvider"
140-->[com.github.AnchorFree.hydra-vpn-android:corevpn:0.18.2] AndroidManifest.xml:24:13-85
141            android:authorities="com.softmaster.airvpn.vpn_config"
141-->[com.github.AnchorFree.hydra-vpn-android:corevpn:0.18.2] AndroidManifest.xml:25:13-62
142            android:exported="false" />
142-->[com.github.AnchorFree.hydra-vpn-android:corevpn:0.18.2] AndroidManifest.xml:26:13-37
143        <provider
143-->[com.github.AnchorFree.hydra-vpn-android:corevpn:0.18.2] AndroidManifest.xml:27:9-30:40
144            android:name="com.anchorfree.vpnsdk.vpnservice.credentials.CredentialsContentProvider"
144-->[com.github.AnchorFree.hydra-vpn-android:corevpn:0.18.2] AndroidManifest.xml:28:13-99
145            android:authorities="com.softmaster.airvpn.credentials"
145-->[com.github.AnchorFree.hydra-vpn-android:corevpn:0.18.2] AndroidManifest.xml:29:13-63
146            android:exported="false" />
146-->[com.github.AnchorFree.hydra-vpn-android:corevpn:0.18.2] AndroidManifest.xml:30:13-37
147
148        <service
148-->[com.github.AnchorFree.hydra-vpn-android:corevpn:0.18.2] AndroidManifest.xml:32:9-40:19
149            android:name="com.anchorfree.vpnsdk.vpnservice.AFVpnService"
149-->[com.github.AnchorFree.hydra-vpn-android:corevpn:0.18.2] AndroidManifest.xml:33:13-73
150            android:enabled="@bool/vpn_process_enabled"
150-->[com.github.AnchorFree.hydra-vpn-android:corevpn:0.18.2] AndroidManifest.xml:34:13-56
151            android:permission="android.permission.BIND_VPN_SERVICE"
151-->[com.github.AnchorFree.hydra-vpn-android:corevpn:0.18.2] AndroidManifest.xml:35:13-69
152            android:process="@string/vpn_process_name" >
152-->[com.github.AnchorFree.hydra-vpn-android:corevpn:0.18.2] AndroidManifest.xml:36:13-55
153            <intent-filter>
153-->[com.github.AnchorFree.hydra-vpn-android:corevpn:0.18.2] AndroidManifest.xml:37:13-39:29
154                <action android:name="android.net.VpnService" />
154-->[com.github.AnchorFree.hydra-vpn-android:corevpn:0.18.2] AndroidManifest.xml:38:17-65
154-->[com.github.AnchorFree.hydra-vpn-android:corevpn:0.18.2] AndroidManifest.xml:38:25-62
155            </intent-filter>
156        </service> <!-- Include the AdActivity and InAppPurchaseActivity configChanges and themes. -->
157        <activity
157-->[com.google.android.gms:play-services-ads-lite:20.2.0] AndroidManifest.xml:48:9-52:64
158            android:name="com.google.android.gms.ads.AdActivity"
158-->[com.google.android.gms:play-services-ads-lite:20.2.0] AndroidManifest.xml:49:13-65
159            android:configChanges="keyboard|keyboardHidden|orientation|screenLayout|uiMode|screenSize|smallestScreenSize"
159-->[com.google.android.gms:play-services-ads-lite:20.2.0] AndroidManifest.xml:50:13-122
160            android:exported="false"
160-->[com.google.android.gms:play-services-ads-lite:20.2.0] AndroidManifest.xml:51:13-37
161            android:theme="@android:style/Theme.Translucent" />
161-->[com.google.android.gms:play-services-ads-lite:20.2.0] AndroidManifest.xml:52:13-61
162
163        <provider
163-->[com.google.android.gms:play-services-ads-lite:20.2.0] AndroidManifest.xml:54:9-58:39
164            android:name="com.google.android.gms.ads.MobileAdsInitProvider"
164-->[com.google.android.gms:play-services-ads-lite:20.2.0] AndroidManifest.xml:55:13-76
165            android:authorities="com.softmaster.airvpn.mobileadsinitprovider"
165-->[com.google.android.gms:play-services-ads-lite:20.2.0] AndroidManifest.xml:56:13-73
166            android:exported="false"
166-->[com.google.android.gms:play-services-ads-lite:20.2.0] AndroidManifest.xml:57:13-37
167            android:initOrder="100" />
167-->[com.google.android.gms:play-services-ads-lite:20.2.0] AndroidManifest.xml:58:13-36
168
169        <service
169-->[com.google.android.gms:play-services-ads-lite:20.2.0] AndroidManifest.xml:60:9-63:40
170            android:name="com.google.android.gms.ads.AdService"
170-->[com.google.android.gms:play-services-ads-lite:20.2.0] AndroidManifest.xml:61:13-64
171            android:enabled="true"
171-->[com.google.android.gms:play-services-ads-lite:20.2.0] AndroidManifest.xml:62:13-35
172            android:exported="false" />
172-->[com.google.android.gms:play-services-ads-lite:20.2.0] AndroidManifest.xml:63:13-37
173
174        <activity
174-->[com.facebook.android:audience-network-sdk:6.5.1] AndroidManifest.xml:19:9-23:75
175            android:name="com.facebook.ads.AudienceNetworkActivity"
175-->[com.facebook.android:audience-network-sdk:6.5.1] AndroidManifest.xml:20:13-68
176            android:configChanges="keyboardHidden|orientation|screenSize"
176-->[com.facebook.android:audience-network-sdk:6.5.1] AndroidManifest.xml:21:13-74
177            android:exported="false"
177-->[com.facebook.android:audience-network-sdk:6.5.1] AndroidManifest.xml:22:13-37
178            android:theme="@android:style/Theme.Translucent.NoTitleBar" />
178-->[com.facebook.android:audience-network-sdk:6.5.1] AndroidManifest.xml:23:13-72
179
180        <provider
180-->[com.facebook.android:audience-network-sdk:6.5.1] AndroidManifest.xml:25:9-28:40
181            android:name="com.facebook.ads.AudienceNetworkContentProvider"
181-->[com.facebook.android:audience-network-sdk:6.5.1] AndroidManifest.xml:26:13-75
182            android:authorities="com.softmaster.airvpn.AudienceNetworkContentProvider"
182-->[com.facebook.android:audience-network-sdk:6.5.1] AndroidManifest.xml:27:13-82
183            android:exported="false" />
183-->[com.facebook.android:audience-network-sdk:6.5.1] AndroidManifest.xml:28:13-37
184
185        <meta-data
185-->[com.google.android.gms:play-services-basement:17.6.0] AndroidManifest.xml:23:9-25:69
186            android:name="com.google.android.gms.version"
186-->[com.google.android.gms:play-services-basement:17.6.0] AndroidManifest.xml:24:13-58
187            android:value="@integer/google_play_services_version" />
187-->[com.google.android.gms:play-services-basement:17.6.0] AndroidManifest.xml:25:13-66
188
189        <provider
189-->[androidx.work:work-runtime:2.1.0] AndroidManifest.xml:30:9-36:35
190            android:name="androidx.work.impl.WorkManagerInitializer"
190-->[androidx.work:work-runtime:2.1.0] AndroidManifest.xml:31:13-69
191            android:authorities="com.softmaster.airvpn.workmanager-init"
191-->[androidx.work:work-runtime:2.1.0] AndroidManifest.xml:32:13-68
192            android:directBootAware="false"
192-->[androidx.work:work-runtime:2.1.0] AndroidManifest.xml:33:13-44
193            android:exported="false"
193-->[androidx.work:work-runtime:2.1.0] AndroidManifest.xml:34:13-37
194            android:multiprocess="true" />
194-->[androidx.work:work-runtime:2.1.0] AndroidManifest.xml:35:13-40
195
196        <service
196-->[androidx.work:work-runtime:2.1.0] AndroidManifest.xml:38:9-43:35
197            android:name="androidx.work.impl.background.systemalarm.SystemAlarmService"
197-->[androidx.work:work-runtime:2.1.0] AndroidManifest.xml:39:13-88
198            android:directBootAware="false"
198-->[androidx.work:work-runtime:2.1.0] AndroidManifest.xml:40:13-44
199            android:enabled="@bool/enable_system_alarm_service_default"
199-->[androidx.work:work-runtime:2.1.0] AndroidManifest.xml:41:13-72
200            android:exported="false" />
200-->[androidx.work:work-runtime:2.1.0] AndroidManifest.xml:42:13-37
201        <service
201-->[androidx.work:work-runtime:2.1.0] AndroidManifest.xml:44:9-50:35
202            android:name="androidx.work.impl.background.systemjob.SystemJobService"
202-->[androidx.work:work-runtime:2.1.0] AndroidManifest.xml:45:13-84
203            android:directBootAware="false"
203-->[androidx.work:work-runtime:2.1.0] AndroidManifest.xml:46:13-44
204            android:enabled="@bool/enable_system_job_service_default"
204-->[androidx.work:work-runtime:2.1.0] AndroidManifest.xml:47:13-70
205            android:exported="true"
205-->[androidx.work:work-runtime:2.1.0] AndroidManifest.xml:48:13-36
206            android:permission="android.permission.BIND_JOB_SERVICE" />
206-->[androidx.work:work-runtime:2.1.0] AndroidManifest.xml:49:13-69
207
208        <receiver
208-->[androidx.work:work-runtime:2.1.0] AndroidManifest.xml:52:9-57:35
209            android:name="androidx.work.impl.utils.ForceStopRunnable$BroadcastReceiver"
209-->[androidx.work:work-runtime:2.1.0] AndroidManifest.xml:53:13-88
210            android:directBootAware="false"
210-->[androidx.work:work-runtime:2.1.0] AndroidManifest.xml:54:13-44
211            android:enabled="true"
211-->[androidx.work:work-runtime:2.1.0] AndroidManifest.xml:55:13-35
212            android:exported="false" />
212-->[androidx.work:work-runtime:2.1.0] AndroidManifest.xml:56:13-37
213        <receiver
213-->[androidx.work:work-runtime:2.1.0] AndroidManifest.xml:58:9-68:20
214            android:name="androidx.work.impl.background.systemalarm.ConstraintProxy$BatteryChargingProxy"
214-->[androidx.work:work-runtime:2.1.0] AndroidManifest.xml:59:13-106
215            android:directBootAware="false"
215-->[androidx.work:work-runtime:2.1.0] AndroidManifest.xml:60:13-44
216            android:enabled="false"
216-->[androidx.work:work-runtime:2.1.0] AndroidManifest.xml:61:13-36
217            android:exported="false" >
217-->[androidx.work:work-runtime:2.1.0] AndroidManifest.xml:62:13-37
218            <intent-filter>
218-->[androidx.work:work-runtime:2.1.0] AndroidManifest.xml:64:13-67:29
219                <action android:name="android.intent.action.ACTION_POWER_CONNECTED" />
219-->[androidx.work:work-runtime:2.1.0] AndroidManifest.xml:65:17-87
219-->[androidx.work:work-runtime:2.1.0] AndroidManifest.xml:65:25-84
220                <action android:name="android.intent.action.ACTION_POWER_DISCONNECTED" />
220-->[androidx.work:work-runtime:2.1.0] AndroidManifest.xml:66:17-90
220-->[androidx.work:work-runtime:2.1.0] AndroidManifest.xml:66:25-87
221            </intent-filter>
222        </receiver>
223        <receiver
223-->[androidx.work:work-runtime:2.1.0] AndroidManifest.xml:69:9-79:20
224            android:name="androidx.work.impl.background.systemalarm.ConstraintProxy$BatteryNotLowProxy"
224-->[androidx.work:work-runtime:2.1.0] AndroidManifest.xml:70:13-104
225            android:directBootAware="false"
225-->[androidx.work:work-runtime:2.1.0] AndroidManifest.xml:71:13-44
226            android:enabled="false"
226-->[androidx.work:work-runtime:2.1.0] AndroidManifest.xml:72:13-36
227            android:exported="false" >
227-->[androidx.work:work-runtime:2.1.0] AndroidManifest.xml:73:13-37
228            <intent-filter>
228-->[androidx.work:work-runtime:2.1.0] AndroidManifest.xml:75:13-78:29
229                <action android:name="android.intent.action.BATTERY_OKAY" />
229-->[androidx.work:work-runtime:2.1.0] AndroidManifest.xml:76:17-77
229-->[androidx.work:work-runtime:2.1.0] AndroidManifest.xml:76:25-74
230                <action android:name="android.intent.action.BATTERY_LOW" />
230-->[androidx.work:work-runtime:2.1.0] AndroidManifest.xml:77:17-76
230-->[androidx.work:work-runtime:2.1.0] AndroidManifest.xml:77:25-73
231            </intent-filter>
232        </receiver>
233        <receiver
233-->[androidx.work:work-runtime:2.1.0] AndroidManifest.xml:80:9-90:20
234            android:name="androidx.work.impl.background.systemalarm.ConstraintProxy$StorageNotLowProxy"
234-->[androidx.work:work-runtime:2.1.0] AndroidManifest.xml:81:13-104
235            android:directBootAware="false"
235-->[androidx.work:work-runtime:2.1.0] AndroidManifest.xml:82:13-44
236            android:enabled="false"
236-->[androidx.work:work-runtime:2.1.0] AndroidManifest.xml:83:13-36
237            android:exported="false" >
237-->[androidx.work:work-runtime:2.1.0] AndroidManifest.xml:84:13-37
238            <intent-filter>
238-->[androidx.work:work-runtime:2.1.0] AndroidManifest.xml:86:13-89:29
239                <action android:name="android.intent.action.DEVICE_STORAGE_LOW" />
239-->[androidx.work:work-runtime:2.1.0] AndroidManifest.xml:87:17-83
239-->[androidx.work:work-runtime:2.1.0] AndroidManifest.xml:87:25-80
240                <action android:name="android.intent.action.DEVICE_STORAGE_OK" />
240-->[androidx.work:work-runtime:2.1.0] AndroidManifest.xml:88:17-82
240-->[androidx.work:work-runtime:2.1.0] AndroidManifest.xml:88:25-79
241            </intent-filter>
242        </receiver>
243        <receiver
243-->[androidx.work:work-runtime:2.1.0] AndroidManifest.xml:91:9-100:20
244            android:name="androidx.work.impl.background.systemalarm.ConstraintProxy$NetworkStateProxy"
244-->[androidx.work:work-runtime:2.1.0] AndroidManifest.xml:92:13-103
245            android:directBootAware="false"
245-->[androidx.work:work-runtime:2.1.0] AndroidManifest.xml:93:13-44
246            android:enabled="false"
246-->[androidx.work:work-runtime:2.1.0] AndroidManifest.xml:94:13-36
247            android:exported="false" >
247-->[androidx.work:work-runtime:2.1.0] AndroidManifest.xml:95:13-37
248            <intent-filter>
248-->[androidx.work:work-runtime:2.1.0] AndroidManifest.xml:97:13-99:29
249                <action android:name="android.net.conn.CONNECTIVITY_CHANGE" />
249-->[androidx.work:work-runtime:2.1.0] AndroidManifest.xml:98:17-79
249-->[androidx.work:work-runtime:2.1.0] AndroidManifest.xml:98:25-76
250            </intent-filter>
251        </receiver>
252        <receiver
252-->[androidx.work:work-runtime:2.1.0] AndroidManifest.xml:101:9-112:20
253            android:name="androidx.work.impl.background.systemalarm.RescheduleReceiver"
253-->[androidx.work:work-runtime:2.1.0] AndroidManifest.xml:102:13-88
254            android:directBootAware="false"
254-->[androidx.work:work-runtime:2.1.0] AndroidManifest.xml:103:13-44
255            android:enabled="false"
255-->[androidx.work:work-runtime:2.1.0] AndroidManifest.xml:104:13-36
256            android:exported="false" >
256-->[androidx.work:work-runtime:2.1.0] AndroidManifest.xml:105:13-37
257            <intent-filter>
257-->[androidx.work:work-runtime:2.1.0] AndroidManifest.xml:107:13-111:29
258                <action android:name="android.intent.action.BOOT_COMPLETED" />
258-->[androidx.work:work-runtime:2.1.0] AndroidManifest.xml:108:17-79